<?xml version="1.0" encoding="UTF-8"?>
<!-- Generated by org.testng.reporters.JUnitReportReporter -->
<testsuite hostname="DESKTOP-7J4IUSI" failures="0" tests="1" name="org.hotel.AdactinPage_2" time="10.339" errors="0" timestamp="2025-01-23T20:17:11 IST" skipped="0">
  <testcase classname="org.hotel.AdactinPage_2" name="hotelSearch" time="10.339"/>
</testsuite> <!-- org.hotel.AdactinPage_2 -->
