<?xml version="1.0" encoding="UTF-8"?>
<!-- Generated by org.testng.reporters.JUnitReportReporter -->
<testsuite hostname="DESKTOP-7J4IUSI" failures="0" tests="1" name="org.hotel.AdactinPage_3" time="22.184" errors="0" timestamp="2025-01-24T19:22:40 IST" skipped="0">
  <testcase classname="org.hotel.AdactinPage_3" name="hotelSearch" time="22.184"/>
</testsuite> <!-- org.hotel.AdactinPage_3 -->
