<?xml version="1.0" encoding="UTF-8"?>
<!-- Generated by org.testng.reporters.JUnitReportReporter -->
<testsuite hostname="DESKTOP-7J4IUSI" failures="0" tests="12" name="org.hotel.AdactinPage_1" time="58.272" errors="0" timestamp="2025-01-24T19:29:01 IST" skipped="0">
  <testcase classname="org.hotel.AdactinPage_1" name="login" time="11.965"/>
  <testcase classname="org.hotel.AdactinPage_1" name="login" time="1.859"/>
  <testcase classname="org.hotel.AdactinPage_1" name="login" time="2.578"/>
  <testcase classname="org.hotel.AdactinPage_1" name="login" time="12.879"/>
  <testcase classname="org.hotel.AdactinPage_1" name="login" time="1.357"/>
  <testcase classname="org.hotel.AdactinPage_1" name="login" time="1.772"/>
  <testcase classname="org.hotel.AdactinPage_1" name="login" time="3.658"/>
  <testcase classname="org.hotel.AdactinPage_1" name="login" time="3.798"/>
  <testcase classname="org.hotel.AdactinPage_1" name="login" time="1.233"/>
  <testcase classname="org.hotel.AdactinPage_1" name="login" time="11.390"/>
  <testcase classname="org.hotel.AdactinPage_1" name="login" time="1.174"/>
  <testcase classname="org.hotel.AdactinPage_1" name="login" time="4.609"/>
</testsuite> <!-- org.hotel.AdactinPage_1 -->
