<?xml version="1.0" encoding="UTF-8"?>
<!-- Generated by org.testng.reporters.JUnitReportReporter -->
<testsuite hostname="DESKTOP-7J4IUSI" failures="0" tests="1" name="org.newyork.NewYork" time="0.830" errors="0" timestamp="2025-01-25T13:06:56 IST" skipped="0">
  <testcase classname="org.newyork.NewYork" name="Page_1" time="0.830"/>
</testsuite> <!-- org.newyork.NewYork -->
