<?xml version="1.0" encoding="UTF-8"?>
<!-- Generated by org.testng.reporters.JUnitReportReporter -->
<testsuite hostname="DESKTOP-7J4IUSI" failures="0" tests="1" name="org.hotel.AdactinPage_3" time="17.501" errors="0" timestamp="2025-01-31T16:52:03 IST" skipped="0">
  <testcase classname="org.hotel.AdactinPage_3" name="hotelSearch" time="17.501"/>
</testsuite> <!-- org.hotel.AdactinPage_3 -->
